{"/home/bmenezes/Projeto/Training/ExercisesJS/exercises/calculator.js": {"path":"/home/bmenezes/Projeto/Training/ExercisesJS/exercises/calculator.js","statementMap":{"0":{"start":{"line":4,"column":4},"end":{"line":4,"column":21}},"1":{"start":{"line":8,"column":4},"end":{"line":8,"column":20}},"2":{"start":{"line":12,"column":4},"end":{"line":12,"column":19}},"3":{"start":{"line":15,"column":2},"end":{"line":15,"column":51}}},"fnMap":{"0":{"name":"power","decl":{"start":{"line":3,"column":9},"end":{"line":3,"column":14}},"loc":{"start":{"line":3,"column":20},"end":{"line":5,"column":3}},"line":3},"1":{"name":"tenTimes","decl":{"start":{"line":7,"column":11},"end":{"line":7,"column":19}},"loc":{"start":{"line":7,"column":25},"end":{"line":9,"column":3}},"line":7},"2":{"name":"theFunction","decl":{"start":{"line":11,"column":11},"end":{"line":11,"column":22}},"loc":{"start":{"line":11,"column":32},"end":{"line":13,"column":3}},"line":11}},"branchMap":{},"s":{"0":1,"1":2,"2":1,"3":1},"f":{"0":1,"1":2,"2":1},"b":{},"_coverageSchema":"1a1c01bbd47fc00a2c39e90264f33305004495a9","hash":"fe77843d51be8b7e6f5ad57556a2079b64d69e89"}
,"/home/bmenezes/Projeto/Training/ExercisesJS/exercises/multiplicateTwoNumbers.js": {"path":"/home/bmenezes/Projeto/Training/ExercisesJS/exercises/multiplicateTwoNumbers.js","statementMap":{"0":{"start":{"line":4,"column":8},"end":{"line":4,"column":27}},"1":{"start":{"line":7,"column":0},"end":{"line":7,"column":32}}},"fnMap":{"0":{"name":"multiplication","decl":{"start":{"line":3,"column":9},"end":{"line":3,"column":23}},"loc":{"start":{"line":3,"column":35},"end":{"line":5,"column":5}},"line":3}},"branchMap":{},"s":{"0":1,"1":1},"f":{"0":1},"b":{},"_coverageSchema":"1a1c01bbd47fc00a2c39e90264f33305004495a9","hash":"7eabd6b1ffdd0dc50f1423bf0315c2fbbfb26b68"}
,"/home/bmenezes/Projeto/Training/ExercisesJS/exercises/personalInfomation.js": {"path":"/home/bmenezes/Projeto/Training/ExercisesJS/exercises/personalInfomation.js","statementMap":{"0":{"start":{"line":1,"column":15},"end":{"line":5,"column":1}},"1":{"start":{"line":8,"column":2},"end":{"line":8,"column":53}},"2":{"start":{"line":12,"column":2},"end":{"line":14,"column":4}},"3":{"start":{"line":13,"column":4},"end":{"line":13,"column":37}},"4":{"start":{"line":17,"column":0},"end":{"line":17,"column":7}},"5":{"start":{"line":19,"column":1},"end":{"line":19,"column":41}}},"fnMap":{"0":{"name":"personalData","decl":{"start":{"line":7,"column":9},"end":{"line":7,"column":21}},"loc":{"start":{"line":7,"column":29},"end":{"line":9,"column":1}},"line":7},"1":{"name":"save","decl":{"start":{"line":11,"column":9},"end":{"line":11,"column":13}},"loc":{"start":{"line":11,"column":15},"end":{"line":15,"column":1}},"line":11},"2":{"name":"(anonymous_2)","decl":{"start":{"line":12,"column":17},"end":{"line":12,"column":18}},"loc":{"start":{"line":12,"column":27},"end":{"line":14,"column":3}},"line":12}},"branchMap":{},"s":{"0":1,"1":7,"2":2,"3":6,"4":1,"5":1},"f":{"0":7,"1":2,"2":6},"b":{},"_coverageSchema":"1a1c01bbd47fc00a2c39e90264f33305004495a9","hash":"6e59675f3705972ec64b046cdca33ee4ee2d9d72"}
,"/home/bmenezes/Projeto/Training/ExercisesJS/exercises/sum.js": {"path":"/home/bmenezes/Projeto/Training/ExercisesJS/exercises/sum.js","statementMap":{"0":{"start":{"line":4,"column":4},"end":{"line":4,"column":17}},"1":{"start":{"line":7,"column":0},"end":{"line":7,"column":21}}},"fnMap":{"0":{"name":"sum","decl":{"start":{"line":3,"column":9},"end":{"line":3,"column":12}},"loc":{"start":{"line":3,"column":18},"end":{"line":5,"column":1}},"line":3}},"branchMap":{},"s":{"0":1,"1":1},"f":{"0":1},"b":{},"_coverageSchema":"1a1c01bbd47fc00a2c39e90264f33305004495a9","hash":"bc61ebc6a5b755668972958460779edc12845806"}
,"/home/bmenezes/Projeto/Training/ExercisesJS/exercises/welcomeMessage.js": {"path":"/home/bmenezes/Projeto/Training/ExercisesJS/exercises/welcomeMessage.js","statementMap":{"0":{"start":{"line":4,"column":4},"end":{"line":4,"column":47}},"1":{"start":{"line":7,"column":0},"end":{"line":7,"column":36}}},"fnMap":{"0":{"name":"showWelcomeMessage","decl":{"start":{"line":3,"column":9},"end":{"line":3,"column":27}},"loc":{"start":{"line":3,"column":30},"end":{"line":5,"column":1}},"line":3}},"branchMap":{},"s":{"0":1,"1":1},"f":{"0":1},"b":{},"_coverageSchema":"1a1c01bbd47fc00a2c39e90264f33305004495a9","hash":"4d33fdea26f38402bbff0270ae0dc3bd36f78b2f"}
}
