{"/home/bmenezes/Projeto/Training/ExercisesJS/exercises/Exercise0/ex0.js": {"path":"/home/bmenezes/Projeto/Training/ExercisesJS/exercises/Exercise0/ex0.js","statementMap":{"0":{"start":{"line":2,"column":4},"end":{"line":2,"column":17}},"1":{"start":{"line":5,"column":0},"end":{"line":5,"column":21}}},"fnMap":{"0":{"name":"sum","decl":{"start":{"line":1,"column":9},"end":{"line":1,"column":12}},"loc":{"start":{"line":1,"column":18},"end":{"line":3,"column":1}},"line":1}},"branchMap":{},"s":{"0":1,"1":1},"f":{"0":1},"b":{},"_coverageSchema":"1a1c01bbd47fc00a2c39e90264f33305004495a9","hash":"0df4fd1d124502a10068626714ad58720f308a29"}
,"/home/bmenezes/Projeto/Training/ExercisesJS/exercises/Exercise1/ex1.js": {"path":"/home/bmenezes/Projeto/Training/ExercisesJS/exercises/Exercise1/ex1.js","statementMap":{"0":{"start":{"line":2,"column":4},"end":{"line":2,"column":34}},"1":{"start":{"line":5,"column":0},"end":{"line":5,"column":36}}},"fnMap":{"0":{"name":"showWelcomeMessage","decl":{"start":{"line":1,"column":9},"end":{"line":1,"column":27}},"loc":{"start":{"line":1,"column":30},"end":{"line":3,"column":1}},"line":1}},"branchMap":{},"s":{"0":1,"1":1},"f":{"0":1},"b":{},"_coverageSchema":"1a1c01bbd47fc00a2c39e90264f33305004495a9","hash":"21ccb518f8a6218cf8e47d9e8ba9e4762391cceb"}
,"/home/bmenezes/Projeto/Training/ExercisesJS/exercises/Exercise10/ex10.js": {"path":"/home/bmenezes/Projeto/Training/ExercisesJS/exercises/Exercise10/ex10.js","statementMap":{"0":{"start":{"line":4,"column":4},"end":{"line":23,"column":7}},"1":{"start":{"line":5,"column":25},"end":{"line":5,"column":54}},"2":{"start":{"line":7,"column":20},"end":{"line":7,"column":22}},"3":{"start":{"line":8,"column":8},"end":{"line":11,"column":9}},"4":{"start":{"line":8,"column":21},"end":{"line":8,"column":22}},"5":{"start":{"line":10,"column":12},"end":{"line":10,"column":46}},"6":{"start":{"line":17,"column":8},"end":{"line":17,"column":21}},"7":{"start":{"line":19,"column":8},"end":{"line":19,"column":21}},"8":{"start":{"line":22,"column":8},"end":{"line":22,"column":21}}},"fnMap":{"0":{"name":"getCharactersName","decl":{"start":{"line":3,"column":15},"end":{"line":3,"column":32}},"loc":{"start":{"line":3,"column":35},"end":{"line":24,"column":1}},"line":3}},"branchMap":{},"s":{"0":2,"1":2,"2":1,"3":1,"4":1,"5":0,"6":0,"7":0,"8":2},"f":{"0":2},"b":{},"_coverageSchema":"1a1c01bbd47fc00a2c39e90264f33305004495a9","hash":"5cc85f001020f7c703a56d67ec3e5ab08929d011"}
,"/home/bmenezes/Projeto/Training/ExercisesJS/exercises/Exercise2/ex2.js": {"path":"/home/bmenezes/Projeto/Training/ExercisesJS/exercises/Exercise2/ex2.js","statementMap":{"0":{"start":{"line":1,"column":15},"end":{"line":5,"column":1}},"1":{"start":{"line":8,"column":2},"end":{"line":8,"column":53}},"2":{"start":{"line":12,"column":2},"end":{"line":14,"column":4}},"3":{"start":{"line":13,"column":4},"end":{"line":13,"column":37}},"4":{"start":{"line":17,"column":1},"end":{"line":17,"column":41}}},"fnMap":{"0":{"name":"personalData","decl":{"start":{"line":7,"column":9},"end":{"line":7,"column":21}},"loc":{"start":{"line":7,"column":29},"end":{"line":9,"column":1}},"line":7},"1":{"name":"save","decl":{"start":{"line":11,"column":9},"end":{"line":11,"column":13}},"loc":{"start":{"line":11,"column":15},"end":{"line":15,"column":1}},"line":11},"2":{"name":"(anonymous_2)","decl":{"start":{"line":12,"column":17},"end":{"line":12,"column":18}},"loc":{"start":{"line":12,"column":27},"end":{"line":14,"column":3}},"line":12}},"branchMap":{},"s":{"0":1,"1":4,"2":1,"3":3,"4":1},"f":{"0":4,"1":1,"2":3},"b":{},"_coverageSchema":"1a1c01bbd47fc00a2c39e90264f33305004495a9","hash":"8d487d7918f8eb237e28c38ee88797d656addb5e"}
,"/home/bmenezes/Projeto/Training/ExercisesJS/exercises/Exercise3/ex3.js": {"path":"/home/bmenezes/Projeto/Training/ExercisesJS/exercises/Exercise3/ex3.js","statementMap":{"0":{"start":{"line":2,"column":4},"end":{"line":2,"column":21}},"1":{"start":{"line":6,"column":4},"end":{"line":6,"column":20}},"2":{"start":{"line":10,"column":4},"end":{"line":10,"column":19}},"3":{"start":{"line":13,"column":2},"end":{"line":13,"column":51}}},"fnMap":{"0":{"name":"power","decl":{"start":{"line":1,"column":9},"end":{"line":1,"column":14}},"loc":{"start":{"line":1,"column":20},"end":{"line":3,"column":3}},"line":1},"1":{"name":"tenTimes","decl":{"start":{"line":5,"column":11},"end":{"line":5,"column":19}},"loc":{"start":{"line":5,"column":25},"end":{"line":7,"column":3}},"line":5},"2":{"name":"theFunction","decl":{"start":{"line":9,"column":11},"end":{"line":9,"column":22}},"loc":{"start":{"line":9,"column":32},"end":{"line":11,"column":3}},"line":9}},"branchMap":{},"s":{"0":1,"1":1,"2":1,"3":1},"f":{"0":1,"1":1,"2":1},"b":{},"_coverageSchema":"1a1c01bbd47fc00a2c39e90264f33305004495a9","hash":"7286f9203997b92784af1d5527a57ca542b81946"}
,"/home/bmenezes/Projeto/Training/ExercisesJS/exercises/Exercise4/ex4.js": {"path":"/home/bmenezes/Projeto/Training/ExercisesJS/exercises/Exercise4/ex4.js","statementMap":{"0":{"start":{"line":3,"column":8},"end":{"line":7,"column":9}},"1":{"start":{"line":4,"column":11},"end":{"line":4,"column":48}},"2":{"start":{"line":6,"column":12},"end":{"line":6,"column":33}},"3":{"start":{"line":10,"column":0},"end":{"line":10,"column":26}}},"fnMap":{"0":{"name":"multiply","decl":{"start":{"line":1,"column":9},"end":{"line":1,"column":17}},"loc":{"start":{"line":1,"column":29},"end":{"line":8,"column":1}},"line":1}},"branchMap":{"0":{"loc":{"start":{"line":3,"column":8},"end":{"line":7,"column":9}},"type":"if","locations":[{"start":{"line":3,"column":8},"end":{"line":7,"column":9}},{"start":{"line":3,"column":8},"end":{"line":7,"column":9}}],"line":3},"1":{"loc":{"start":{"line":3,"column":11},"end":{"line":3,"column":37}},"type":"binary-expr","locations":[{"start":{"line":3,"column":11},"end":{"line":3,"column":22}},{"start":{"line":3,"column":26},"end":{"line":3,"column":37}}],"line":3}},"s":{"0":4,"1":1,"2":3,"3":3},"f":{"0":4},"b":{"0":[1,3],"1":[4,3]},"_coverageSchema":"1a1c01bbd47fc00a2c39e90264f33305004495a9","hash":"d403565263689fdfe4bdd89f66d4c512f6c00625"}
,"/home/bmenezes/Projeto/Training/ExercisesJS/exercises/Exercise5/ex5.js": {"path":"/home/bmenezes/Projeto/Training/ExercisesJS/exercises/Exercise5/ex5.js","statementMap":{"0":{"start":{"line":5,"column":15},"end":{"line":5,"column":35}},"1":{"start":{"line":7,"column":4},"end":{"line":9,"column":5}},"2":{"start":{"line":8,"column":8},"end":{"line":8,"column":45}},"3":{"start":{"line":10,"column":4},"end":{"line":10,"column":29}}},"fnMap":{"0":{"name":"concatenate","decl":{"start":{"line":3,"column":9},"end":{"line":3,"column":20}},"loc":{"start":{"line":3,"column":39},"end":{"line":12,"column":1}},"line":3}},"branchMap":{"0":{"loc":{"start":{"line":7,"column":4},"end":{"line":9,"column":5}},"type":"if","locations":[{"start":{"line":7,"column":4},"end":{"line":9,"column":5}},{"start":{"line":7,"column":4},"end":{"line":9,"column":5}}],"line":7}},"s":{"0":3,"1":3,"2":1,"3":2},"f":{"0":3},"b":{"0":[1,2]},"_coverageSchema":"1a1c01bbd47fc00a2c39e90264f33305004495a9","hash":"a3117e8c64a6949e5c93924954bf59bdc9dc45b9"}
,"/home/bmenezes/Projeto/Training/ExercisesJS/exercises/Exercise6/ex6.js": {"path":"/home/bmenezes/Projeto/Training/ExercisesJS/exercises/Exercise6/ex6.js","statementMap":{"0":{"start":{"line":6,"column":4},"end":{"line":13,"column":5}},"1":{"start":{"line":7,"column":19},"end":{"line":7,"column":39}},"2":{"start":{"line":8,"column":8},"end":{"line":11,"column":9}},"3":{"start":{"line":9,"column":25},"end":{"line":9,"column":50}},"4":{"start":{"line":10,"column":12},"end":{"line":10,"column":39}},"5":{"start":{"line":12,"column":8},"end":{"line":12,"column":33}},"6":{"start":{"line":14,"column":4},"end":{"line":14,"column":20}}},"fnMap":{"0":{"name":"concatenate","decl":{"start":{"line":4,"column":9},"end":{"line":4,"column":20}},"loc":{"start":{"line":4,"column":39},"end":{"line":15,"column":1}},"line":4}},"branchMap":{"0":{"loc":{"start":{"line":6,"column":4},"end":{"line":13,"column":5}},"type":"if","locations":[{"start":{"line":6,"column":4},"end":{"line":13,"column":5}},{"start":{"line":6,"column":4},"end":{"line":13,"column":5}}],"line":6},"1":{"loc":{"start":{"line":6,"column":7},"end":{"line":6,"column":35}},"type":"binary-expr","locations":[{"start":{"line":6,"column":7},"end":{"line":6,"column":19}},{"start":{"line":6,"column":23},"end":{"line":6,"column":35}}],"line":6},"2":{"loc":{"start":{"line":8,"column":8},"end":{"line":11,"column":9}},"type":"if","locations":[{"start":{"line":8,"column":8},"end":{"line":11,"column":9}},{"start":{"line":8,"column":8},"end":{"line":11,"column":9}}],"line":8},"3":{"loc":{"start":{"line":8,"column":11},"end":{"line":8,"column":39}},"type":"binary-expr","locations":[{"start":{"line":8,"column":12},"end":{"line":8,"column":22}},{"start":{"line":8,"column":28},"end":{"line":8,"column":38}}],"line":8}},"s":{"0":3,"1":2,"2":2,"3":1,"4":1,"5":1,"6":1},"f":{"0":3},"b":{"0":[2,1],"1":[3,2],"2":[1,1],"3":[2,1]},"_coverageSchema":"1a1c01bbd47fc00a2c39e90264f33305004495a9","hash":"22a2f31a154c42c6c2acaeda29ac0fefae7be08c"}
,"/home/bmenezes/Projeto/Training/ExercisesJS/exercises/Exercise6/square_root_sum/square_root_sum.js": {"path":"/home/bmenezes/Projeto/Training/ExercisesJS/exercises/Exercise6/square_root_sum/square_root_sum.js","statementMap":{"0":{"start":{"line":4,"column":6},"end":{"line":7,"column":7}},"1":{"start":{"line":5,"column":25},"end":{"line":5,"column":58}},"2":{"start":{"line":6,"column":7},"end":{"line":6,"column":48}},"3":{"start":{"line":8,"column":6},"end":{"line":8,"column":85}}},"fnMap":{"0":{"name":"squareRootSum","decl":{"start":{"line":2,"column":9},"end":{"line":2,"column":22}},"loc":{"start":{"line":2,"column":34},"end":{"line":9,"column":1}},"line":2}},"branchMap":{"0":{"loc":{"start":{"line":4,"column":6},"end":{"line":7,"column":7}},"type":"if","locations":[{"start":{"line":4,"column":6},"end":{"line":7,"column":7}},{"start":{"line":4,"column":6},"end":{"line":7,"column":7}}],"line":4},"1":{"loc":{"start":{"line":4,"column":9},"end":{"line":4,"column":37}},"type":"binary-expr","locations":[{"start":{"line":4,"column":9},"end":{"line":4,"column":21}},{"start":{"line":4,"column":25},"end":{"line":4,"column":37}}],"line":4}},"s":{"0":5,"1":3,"2":3,"3":2},"f":{"0":5},"b":{"0":[3,2],"1":[5,3]},"_coverageSchema":"1a1c01bbd47fc00a2c39e90264f33305004495a9","hash":"6b4f62b0b4ea1d9ead519f4c44fc104d6827fc92"}
,"/home/bmenezes/Projeto/Training/ExercisesJS/exercises/Exercise7/ex7_1.js": {"path":"/home/bmenezes/Projeto/Training/ExercisesJS/exercises/Exercise7/ex7_1.js","statementMap":{"0":{"start":{"line":2,"column":15},"end":{"line":4,"column":1}},"1":{"start":{"line":3,"column":4},"end":{"line":3,"column":37}}},"fnMap":{"0":{"name":"getName","decl":{"start":{"line":2,"column":24},"end":{"line":2,"column":31}},"loc":{"start":{"line":2,"column":34},"end":{"line":4,"column":1}},"line":2}},"branchMap":{},"s":{"0":3,"1":1},"f":{"0":1},"b":{},"_coverageSchema":"1a1c01bbd47fc00a2c39e90264f33305004495a9","hash":"edfd79170218404393303fe27770f102620dc0ee"}
,"/home/bmenezes/Projeto/Training/ExercisesJS/exercises/Exercise8/ex8_1.js": {"path":"/home/bmenezes/Projeto/Training/ExercisesJS/exercises/Exercise8/ex8_1.js","statementMap":{"0":{"start":{"line":4,"column":4},"end":{"line":6,"column":7}},"1":{"start":{"line":5,"column":8},"end":{"line":5,"column":32}}},"fnMap":{"0":{"name":"helloSyntax","decl":{"start":{"line":3,"column":9},"end":{"line":3,"column":20}},"loc":{"start":{"line":3,"column":22},"end":{"line":7,"column":1}},"line":3},"1":{"name":"(anonymous_1)","decl":{"start":{"line":4,"column":26},"end":{"line":4,"column":27}},"loc":{"start":{"line":4,"column":37},"end":{"line":6,"column":5}},"line":4}},"branchMap":{},"s":{"0":1,"1":1},"f":{"0":1,"1":1},"b":{},"_coverageSchema":"1a1c01bbd47fc00a2c39e90264f33305004495a9","hash":"d1134b10393b791069d0dfa61f3f40a916836762"}
,"/home/bmenezes/Projeto/Training/ExercisesJS/exercises/Exercise8/ex8_2.js": {"path":"/home/bmenezes/Projeto/Training/ExercisesJS/exercises/Exercise8/ex8_2.js","statementMap":{"0":{"start":{"line":4,"column":17},"end":{"line":4,"column":32}},"1":{"start":{"line":5,"column":4},"end":{"line":5,"column":29}}},"fnMap":{"0":{"name":"helloAsync","decl":{"start":{"line":3,"column":15},"end":{"line":3,"column":25}},"loc":{"start":{"line":3,"column":27},"end":{"line":6,"column":1}},"line":3}},"branchMap":{},"s":{"0":1,"1":1},"f":{"0":1},"b":{},"_coverageSchema":"1a1c01bbd47fc00a2c39e90264f33305004495a9","hash":"b2488c24b0e8c091256c2b77ee2e153aa2e164c4"}
,"/home/bmenezes/Projeto/Training/ExercisesJS/exercises/Exercise9/ex9_1.js": {"path":"/home/bmenezes/Projeto/Training/ExercisesJS/exercises/Exercise9/ex9_1.js","statementMap":{"0":{"start":{"line":2,"column":14},"end":{"line":2,"column":30}},"1":{"start":{"line":5,"column":2},"end":{"line":10,"column":3}},"2":{"start":{"line":6,"column":21},"end":{"line":6,"column":61}},"3":{"start":{"line":7,"column":4},"end":{"line":7,"column":20}},"4":{"start":{"line":9,"column":4},"end":{"line":9,"column":17}}},"fnMap":{"0":{"name":"requestHttpCharacters","decl":{"start":{"line":4,"column":15},"end":{"line":4,"column":36}},"loc":{"start":{"line":4,"column":39},"end":{"line":11,"column":1}},"line":4}},"branchMap":{},"s":{"0":3,"1":2,"2":2,"3":1,"4":1},"f":{"0":2},"b":{},"_coverageSchema":"1a1c01bbd47fc00a2c39e90264f33305004495a9","hash":"83f2a107842a000766f70b5992440371ed5ed00c"}
,"/home/bmenezes/Projeto/Training/ExercisesJS/exercises/Exercise9/ex9_2.js": {"path":"/home/bmenezes/Projeto/Training/ExercisesJS/exercises/Exercise9/ex9_2.js","statementMap":{"0":{"start":{"line":4,"column":4},"end":{"line":9,"column":7}},"1":{"start":{"line":5,"column":25},"end":{"line":5,"column":54}},"2":{"start":{"line":6,"column":8},"end":{"line":6,"column":31}},"3":{"start":{"line":8,"column":8},"end":{"line":8,"column":21}}},"fnMap":{"0":{"name":"getNumberOfCharacters","decl":{"start":{"line":3,"column":15},"end":{"line":3,"column":36}},"loc":{"start":{"line":3,"column":39},"end":{"line":10,"column":1}},"line":3}},"branchMap":{},"s":{"0":2,"1":2,"2":1,"3":1},"f":{"0":2},"b":{},"_coverageSchema":"1a1c01bbd47fc00a2c39e90264f33305004495a9","hash":"a335c6408c785b9a8a94768f3a3f0e44154042e8"}
,"/home/bmenezes/Projeto/Training/ExercisesJS/mocks/APIBrekingBad/baseUrl.js": {"path":"/home/bmenezes/Projeto/Training/ExercisesJS/mocks/APIBrekingBad/baseUrl.js","statementMap":{"0":{"start":{"line":1,"column":16},"end":{"line":1,"column":48}}},"fnMap":{},"branchMap":{},"s":{"0":3},"f":{},"b":{},"_coverageSchema":"1a1c01bbd47fc00a2c39e90264f33305004495a9","hash":"cea4b8a177248cdee99258a6d0e5d3e1539e9825"}
,"/home/bmenezes/Projeto/Training/ExercisesJS/mocks/APIBrekingBad/mockCharacters.js": {"path":"/home/bmenezes/Projeto/Training/ExercisesJS/mocks/APIBrekingBad/mockCharacters.js","statementMap":{"0":{"start":{"line":1,"column":23},"end":{"line":1228,"column":1}}},"fnMap":{},"branchMap":{},"s":{"0":3},"f":{},"b":{},"_coverageSchema":"1a1c01bbd47fc00a2c39e90264f33305004495a9","hash":"fcbf798ca986e946fcbb3fec5f36dd1cc5edd23b"}
,"/home/bmenezes/Projeto/Training/ExercisesJS/mocks/APIBrekingBad/mockNameCharacters.js": {"path":"/home/bmenezes/Projeto/Training/ExercisesJS/mocks/APIBrekingBad/mockNameCharacters.js","statementMap":{"0":{"start":{"line":1,"column":27},"end":{"line":65,"column":3}}},"fnMap":{},"branchMap":{},"s":{"0":1},"f":{},"b":{},"_coverageSchema":"1a1c01bbd47fc00a2c39e90264f33305004495a9","hash":"fa4b9d98d1e01e358c0f927c755ce4cf76b9bb2d"}
}
