TN:
SF:exercises/Exercise0/ex0.js
FN:1,sum
FNF:1
FNH:1
FNDA:1,sum
DA:2,1
DA:5,1
LF:2
LH:2
BRF:0
BRH:0
end_of_record
TN:
SF:exercises/Exercise1/ex1.js
FN:1,showWelcomeMessage
FNF:1
FNH:1
FNDA:1,showWelcomeMessage
DA:2,1
DA:5,1
LF:2
LH:2
BRF:0
BRH:0
end_of_record
TN:
SF:exercises/Exercise2/ex2.js
FN:7,personalData
FN:11,save
FN:12,(anonymous_2)
FNF:3
FNH:3
FNDA:7,personalData
FNDA:2,save
FNDA:6,(anonymous_2)
DA:1,1
DA:8,7
DA:12,2
DA:13,6
DA:17,1
DA:19,1
LF:6
LH:6
BRF:0
BRH:0
end_of_record
TN:
SF:exercises/Exercise3/ex3.js
FN:1,power
FN:5,tenTimes
FN:9,theFunction
FNF:3
FNH:3
FNDA:1,power
FNDA:1,tenTimes
FNDA:1,theFunction
DA:2,1
DA:6,1
DA:10,1
DA:13,1
LF:4
LH:4
BRF:0
BRH:0
end_of_record
TN:
SF:exercises/Exercise4/ex4.js
FN:1,multiply
FNF:1
FNH:1
FNDA:2,multiply
DA:3,2
DA:4,1
DA:6,1
DA:10,2
LF:4
LH:4
BRDA:3,0,0,1
BRDA:3,0,1,1
BRDA:3,1,0,2
BRDA:3,1,1,1
BRF:4
BRH:4
end_of_record
TN:
SF:exercises/Exercise5/ex5.js
FN:3,concatenate
FNF:1
FNH:1
FNDA:3,concatenate
DA:5,3
DA:7,3
DA:8,1
DA:10,2
LF:4
LH:4
BRDA:7,0,0,1
BRDA:7,0,1,2
BRF:2
BRH:2
end_of_record
TN:
SF:exercises/Exercise6/square_root_sum/square_root_sum.js
FN:2,squareRootSum
FNF:1
FNH:1
FNDA:4,squareRootSum
DA:4,4
DA:5,4
DA:6,4
DA:8,0
DA:13,1
LF:5
LH:4
BRF:0
BRH:0
end_of_record
TN:
SF:exercises/Exercise7/ex7_1.js
FN:2,getName
FNF:1
FNH:1
FNDA:2,getName
DA:2,2
DA:3,2
LF:2
LH:2
BRF:0
BRH:0
end_of_record
TN:
SF:exercises/Exercise8/ex8_1.js
FN:3,helloSyntax
FNF:1
FNH:1
FNDA:1,helloSyntax
DA:4,1
DA:5,1
LF:2
LH:2
BRF:0
BRH:0
end_of_record
TN:
SF:exercises/Exercise8/ex8_2.js
FN:3,helloAsync
FNF:1
FNH:1
FNDA:2,helloAsync
DA:4,2
DA:5,2
DA:8,1
LF:3
LH:3
BRF:0
BRH:0
end_of_record
