TN:
SF:exercises/Exercise0/ex0.js
FN:1,sum
FNF:1
FNH:1
FNDA:1,sum
DA:2,1
DA:5,1
LF:2
LH:2
BRF:0
BRH:0
end_of_record
TN:
SF:exercises/Exercise1/ex1.js
FN:1,showWelcomeMessage
FNF:1
FNH:1
FNDA:1,showWelcomeMessage
DA:2,1
DA:5,1
LF:2
LH:2
BRF:0
BRH:0
end_of_record
TN:
SF:exercises/Exercise10/ex10.js
FN:3,getCharactersName
FNF:1
FNH:1
FNDA:2,getCharactersName
DA:4,2
DA:5,2
DA:7,1
DA:8,1
DA:10,63
DA:13,1
DA:14,1
DA:17,1
LF:8
LH:8
BRF:0
BRH:0
end_of_record
TN:
SF:exercises/Exercise11.js/ex11_1.js
FN:4,requestHttpEpisodes
FNF:1
FNH:1
FNDA:2,requestHttpEpisodes
DA:2,2
DA:5,2
DA:6,2
DA:7,1
DA:9,1
LF:5
LH:5
BRF:0
BRH:0
end_of_record
TN:
SF:exercises/Exercise11.js/ex11_2.js
FN:3,getEpisodesName
FNF:1
FNH:1
FNDA:2,getEpisodesName
DA:4,2
DA:5,2
DA:7,1
DA:8,1
DA:10,102
DA:13,1
DA:14,1
DA:17,1
LF:8
LH:8
BRF:0
BRH:0
end_of_record
TN:
SF:exercises/Exercise2/ex2.js
FN:7,personalData
FN:11,save
FN:12,(anonymous_2)
FNF:3
FNH:3
FNDA:4,personalData
FNDA:1,save
FNDA:3,(anonymous_2)
DA:1,1
DA:8,4
DA:12,1
DA:13,3
DA:17,1
LF:5
LH:5
BRF:0
BRH:0
end_of_record
TN:
SF:exercises/Exercise3/ex3.js
FN:1,power
FN:5,tenTimes
FN:9,theFunction
FNF:3
FNH:3
FNDA:1,power
FNDA:1,tenTimes
FNDA:1,theFunction
DA:2,1
DA:6,1
DA:10,1
DA:13,1
LF:4
LH:4
BRF:0
BRH:0
end_of_record
TN:
SF:exercises/Exercise4/ex4.js
FN:1,multiply
FNF:1
FNH:1
FNDA:4,multiply
DA:3,4
DA:4,1
DA:6,3
DA:10,3
LF:4
LH:4
BRDA:3,0,0,1
BRDA:3,0,1,3
BRDA:3,1,0,4
BRDA:3,1,1,3
BRF:4
BRH:4
end_of_record
TN:
SF:exercises/Exercise5/ex5.js
FN:3,concatenate
FNF:1
FNH:1
FNDA:3,concatenate
DA:5,3
DA:7,3
DA:8,1
DA:10,2
LF:4
LH:4
BRDA:7,0,0,1
BRDA:7,0,1,2
BRF:2
BRH:2
end_of_record
TN:
SF:exercises/Exercise6/ex6.js
FN:4,concatenate
FNF:1
FNH:1
FNDA:3,concatenate
DA:6,3
DA:7,2
DA:8,2
DA:9,1
DA:10,1
DA:12,1
DA:14,1
LF:7
LH:7
BRDA:6,0,0,2
BRDA:6,0,1,1
BRDA:6,1,0,3
BRDA:6,1,1,2
BRDA:8,2,0,1
BRDA:8,2,1,1
BRDA:8,3,0,2
BRDA:8,3,1,1
BRF:8
BRH:8
end_of_record
TN:
SF:exercises/Exercise6/square_root_sum/square_root_sum.js
FN:2,squareRootSum
FNF:1
FNH:1
FNDA:5,squareRootSum
DA:4,5
DA:5,3
DA:6,3
DA:8,2
LF:4
LH:4
BRDA:4,0,0,3
BRDA:4,0,1,2
BRDA:4,1,0,5
BRDA:4,1,1,3
BRF:4
BRH:4
end_of_record
TN:
SF:exercises/Exercise7/ex7_1.js
FN:2,getName
FNF:1
FNH:1
FNDA:1,getName
DA:2,3
DA:3,1
LF:2
LH:2
BRF:0
BRH:0
end_of_record
TN:
SF:exercises/Exercise8/ex8_1.js
FN:3,helloSyntax
FN:4,(anonymous_1)
FNF:2
FNH:2
FNDA:1,helloSyntax
FNDA:1,(anonymous_1)
DA:4,1
DA:5,1
LF:2
LH:2
BRF:0
BRH:0
end_of_record
TN:
SF:exercises/Exercise8/ex8_2.js
FN:3,helloAsync
FNF:1
FNH:1
FNDA:1,helloAsync
DA:4,1
DA:5,1
LF:2
LH:2
BRF:0
BRH:0
end_of_record
TN:
SF:exercises/Exercise9/ex9_1.js
FN:4,requestHttpCharacters
FNF:1
FNH:1
FNDA:2,requestHttpCharacters
DA:2,3
DA:5,2
DA:6,2
DA:7,1
DA:9,1
LF:5
LH:5
BRF:0
BRH:0
end_of_record
TN:
SF:exercises/Exercise9/ex9_2.js
FN:3,getNumberOfCharacters
FNF:1
FNH:1
FNDA:2,getNumberOfCharacters
DA:4,2
DA:5,2
DA:6,1
DA:8,1
LF:4
LH:4
BRF:0
BRH:0
end_of_record
TN:
SF:mocks/APIBrekingBad/baseUrl.js
FNF:0
FNH:0
DA:1,5
LF:1
LH:1
BRF:0
BRH:0
end_of_record
TN:
SF:mocks/APIBrekingBad/mockCharacters.js
FNF:0
FNH:0
DA:1,4
LF:1
LH:1
BRF:0
BRH:0
end_of_record
TN:
SF:mocks/APIBrekingBad/mockEpisodes.js
FNF:0
FNH:0
DA:1,1
LF:1
LH:1
BRF:0
BRH:0
end_of_record
TN:
SF:mocks/APIBrekingBad/mockNameCharacters.js
FNF:0
FNH:0
DA:1,1
LF:1
LH:1
BRF:0
BRH:0
end_of_record
TN:
SF:mocks/APIBrekingBad/mockNameEpisodes.js
FNF:0
FNH:0
DA:1,1
LF:1
LH:1
BRF:0
BRH:0
end_of_record
